<?xml version="1.0" encoding="UTF-8"?>
<!-- Generated by org.testng.reporters.JUnitXMLReporter -->
<testsuite ignored="6" hostname="n-macbook" failures="0" tests="5" name="Default test" time="15.16" errors="0" timestamp="2022-05-01T19:20:54 EET">
  <testcase classname="com.myecomm.testcases.LoginPageTest" name="navigateToLoginPage" time="2.051"/>
  <testcase classname="com.myecomm.testcases.LoginPageTest" name="enterCredentialsAndLogin" time="1.801"/>
  <testcase classname="com.myecomm.testcases.AddToCartTest" name="searchProduct" time="3.836"/>
  <testcase classname="com.myecomm.testcases.AddToCartTest" name="addProductToCart" time="3.944"/>
  <testcase classname="com.myecomm.testcases.AddToCartTest" name="isProductAddedToCart" time="3.49"/>
  <testcase classname="com.myecomm.pages.BasePage" name="@AfterSuite tearDown" time="0.0">
    <ignored/>
  </testcase> <!-- @AfterSuite tearDown -->
  <testcase classname="com.myecomm.pages.BasePage" name="@AfterSuite tearDown" time="0.0">
    <ignored/>
  </testcase> <!-- @AfterSuite tearDown -->
  <testcase classname="com.myecomm.pages.BasePage" name="@AfterSuite tearDown" time="0.0">
    <ignored/>
  </testcase> <!-- @AfterSuite tearDown -->
  <testcase classname="com.myecomm.pages.BasePage" name="@BeforeSuite testSetUp" time="0.0">
    <ignored/>
  </testcase> <!-- @BeforeSuite testSetUp -->
  <testcase classname="com.myecomm.pages.BasePage" name="@BeforeSuite testSetUp" time="0.0">
    <ignored/>
  </testcase> <!-- @BeforeSuite testSetUp -->
  <testcase classname="com.myecomm.pages.BasePage" name="@BeforeSuite testSetUp" time="0.0">
    <ignored/>
  </testcase> <!-- @BeforeSuite testSetUp -->
</testsuite> <!-- Default test -->
