<?xml version="1.0" encoding="UTF-8"?>
<!-- Generated by org.testng.reporters.JUnitXMLReporter -->
<testsuite ignored="4" hostname="n-macbook" failures="0" tests="5" name="Test" time="24.492" errors="0" timestamp="2022-05-01T18:55:29 EET">
  <testcase classname="com.myecomm.testcases.LoginPageTest" name="navigateToLoginPage" time="6.606"/>
  <testcase classname="com.myecomm.testcases.LoginPageTest" name="enterCredentialsAndLogin" time="2.648"/>
  <testcase classname="com.myecomm.testcases.AddToCartTest" name="searchProduct" time="4.622"/>
  <testcase classname="com.myecomm.testcases.AddToCartTest" name="addProductToCart" time="7.187"/>
  <testcase classname="com.myecomm.testcases.AddToCartTest" name="isProductAddedToCart" time="3.353"/>
  <testcase classname="com.myecomm.pages.BasePage" name="@AfterSuite tearDown" time="0.0">
    <ignored/>
  </testcase> <!-- @AfterSuite tearDown -->
  <testcase classname="com.myecomm.pages.BasePage" name="@AfterSuite tearDown" time="0.0">
    <ignored/>
  </testcase> <!-- @AfterSuite tearDown -->
  <testcase classname="com.myecomm.pages.BasePage" name="@BeforeSuite testSetUp" time="0.0">
    <ignored/>
  </testcase> <!-- @BeforeSuite testSetUp -->
  <testcase classname="com.myecomm.pages.BasePage" name="@BeforeSuite testSetUp" time="0.0">
    <ignored/>
  </testcase> <!-- @BeforeSuite testSetUp -->
</testsuite> <!-- Test -->
